<?xml version="1.0" encoding="UTF-8"?>
<!-- Generated by org.testng.reporters.JUnitReportReporter -->
<testsuite skipped="0" hostname="DESKTOP-GJSR5I4" name="test.LoginClass" tests="1" failures="0" timestamp="26 Nov 2020 05:31:57 GMT" time="22.052" errors="0">
  <testcase name="loginVerify" time="22.052" classname="test.LoginClass"/>
</testsuite> <!-- test.LoginClass -->
